
-----------------low_freq:True
max:67.05
LAMBDA1:1.0
LAMBDA2:1.0
LAMBDA3:0.1
-----------------low_freq:True

OA:67.046992481203
AA:[np.float64(15.003695491500368), np.float64(58.85842880523732), np.float64(26.50036153289949), np.float64(100.0), np.float64(83.48606695343183), np.float64(77.60559475030038), np.float64(34.24980361351139)]
Kappa:0.4697556827609722


-----------------low_freq:True
max:69.38
LAMBDA1:1.0
LAMBDA2:1.0
LAMBDA3:0.5
-----------------low_freq:True

OA:69.37781954887218
AA:[np.float64(56.91056910569105), np.float64(74.42716857610475), np.float64(13.376717281272596), np.float64(100.0), np.float64(70.28240134654948), np.float64(78.64998921716627), np.float64(44.33621366849961)]
Kappa:0.5081324174642381


-----------------low_freq:True
max:71.01
LAMBDA1:1.0
LAMBDA2:1.0
LAMBDA3:1.0
-----------------low_freq:True

OA:71.00751879699247
AA:[np.float64(23.207686622320768), np.float64(78.15057283142389), np.float64(18.546637744034708), np.float64(100.0), np.float64(46.30634000374042), np.float64(84.91635601836163), np.float64(48.20109976433621)]
Kappa:0.5147190638795355


-----------------low_freq:True
max:70.04
LAMBDA1:1.0
LAMBDA2:1.0
LAMBDA3:1.0
-----------------low_freq:True

OA:70.04135338345864
AA:[np.float64(22.912047302291207), np.float64(70.37643207855973), np.float64(47.90310918293565), np.float64(100.0), np.float64(63.15691041705629), np.float64(82.20216272836501), np.float64(33.08719560094266)]
Kappa:0.5018959016952724


-----------------low_freq:True
max:75.36
LAMBDA1:1.0
LAMBDA2:1.0
LAMBDA3:1.0
-----------------low_freq:True

OA:75.36090225563909
AA:[np.float64(49.519586104951955), np.float64(73.58837970540098), np.float64(52.34996384671005), np.float64(100.0), np.float64(32.61642042266691), np.float64(90.708278135494), np.float64(49.77219167321289)]
Kappa:0.5670027968138587


-----------------low_freq:True
max:68.03
LAMBDA1:2.0
LAMBDA2:0.5
LAMBDA3:0.5
-----------------low_freq:True

OA:68.0281954887218
AA:[np.float64(23.577235772357724), np.float64(72.74959083469722), np.float64(16.55820679681851), np.float64(90.9090909090909), np.float64(70.67514494108846), np.float64(76.45953356542098), np.float64(50.91908876669285)]
Kappa:0.49350114673265727


-----------------low_freq:True
max:72.39
LAMBDA1:1.0
LAMBDA2:1.0
LAMBDA3:1.0
-----------------low_freq:True

OA:72.39473684210526
AA:[np.float64(65.5580192165558), np.float64(73.87479541734861), np.float64(13.810556760665222), np.float64(95.45454545454545), np.float64(43.81896390499345), np.float64(85.29837641332142), np.float64(56.292223095051064)]
Kappa:0.5286435104799659


-----------------low_freq:True
max:59.5
LAMBDA1:1.0
LAMBDA2:0.8
LAMBDA3:1.2
-----------------low_freq:True

OA:59.49812030075188
AA:[np.float64(49.37176644493718), np.float64(78.7847790507365), np.float64(44.64931308749096), np.float64(68.18181818181817), np.float64(52.72115204787732), np.float64(56.50204873840845), np.float64(74.23409269442263)]
Kappa:0.4284610443307128


-----------------low_freq:True
max:75.36
LAMBDA1:1.0
LAMBDA2:1.0
LAMBDA3:1.0
-----------------low_freq:True

OA:75.36090225563909
AA:[np.float64(49.519586104951955), np.float64(73.58837970540098), np.float64(52.34996384671005), np.float64(100.0), np.float64(32.61642042266691), np.float64(90.708278135494), np.float64(49.77219167321289)]
Kappa:0.5670027968138587


-----------------low_freq:True
max:73.03
LAMBDA1:1.0
LAMBDA2:1.0
LAMBDA3:1.0
-----------------low_freq:True

OA:73.03195488721803
AA:[np.float64(50.92387287509239), np.float64(71.23567921440261), np.float64(49.38539407086045), np.float64(81.81818181818183), np.float64(29.586684121937534), np.float64(86.19489201762222), np.float64(58.727415553809905)]
Kappa:0.5468271693486061


-----------------low_freq:True
max:70.37
LAMBDA1:1.0
LAMBDA2:1.0
LAMBDA3:1.0
-----------------low_freq:True

OA:70.3703007518797
AA:[np.float64(48.26311899482631), np.float64(79.03027823240589), np.float64(47.18004338394794), np.float64(100.0), np.float64(57.19094819524967), np.float64(74.95301765303923), np.float64(66.09583660644147)]
Kappa:0.5403174694625126


-----------------low_freq:True
max:72.87
LAMBDA1:1.0
LAMBDA2:1.0
LAMBDA3:1.0
-----------------low_freq:True

OA:72.87406015037594
AA:[np.float64(52.106430155210646), np.float64(77.06628477905073), np.float64(63.48517715112075), np.float64(100.0), np.float64(65.02711801009912), np.float64(76.20382636556887), np.float64(67.66692851531815)]
Kappa:0.575665259810166


-----------------low_freq:True
max:78.21
LAMBDA1:1.0
LAMBDA2:1.0
LAMBDA3:1.0
-----------------low_freq:True

OA:78.20864661654134
AA:[np.float64(58.98004434589801), np.float64(80.01227495908347), np.float64(58.604483007953725), np.float64(100.0), np.float64(66.5980923882551), np.float64(85.35691179642009), np.float64(62.65514532600157)]
Kappa:0.6402934520941245


-----------------low_freq:True
max:60.95
LAMBDA1:1.0
LAMBDA2:1.0
LAMBDA3:1.0
-----------------low_freq:True

OA:60.95300751879699
AA:[np.float64(6.208425720620843), np.float64(74.63175122749591), np.float64(36.731742588575564), np.float64(100.0), np.float64(73.83579577333083), np.float64(60.18977787362518), np.float64(65.54595443833465)]
Kappa:0.4328414065932763


-----------------low_freq:True
max:62.86
LAMBDA1:1.0
LAMBDA2:1.0
LAMBDA3:1.0
-----------------low_freq:True

OA:62.86278195488721
AA:[np.float64(62.3059866962306), np.float64(75.57283142389525), np.float64(50.72306579898771), np.float64(100.0), np.float64(81.615859360389), np.float64(57.404725961982805), np.float64(70.44776119402985)]
Kappa:0.4763478947762479

